  gl3w.c
  imgui.cpp
  imgui_draw.cpp
  imgui_impl_glfw.cpp
  imgui_impl_opengl3.cpp
  imgui_widgets.cpp
  Application.cpp
  BlockAllocator.cpp
  Camera.cpp
  Color.cpp
  GLGraphics3.cpp
  GLGraphicsBase.cpp
  GLImage.cpp
  GLMesh.cpp
  GLMeshRenderer.cpp
  GLProgram.cpp
  GLRenderWindow2.cpp
  GLWindow.cpp
  GLGraphics2.cpp
  Image.cpp
  IndexList.cpp
  Gerando Código...
  Compilando...
  Light.cpp
  MeshReader.cpp
  MeshSweeper.cpp
  NameableObject.cpp
  TriangleMesh.cpp
  Gerando Código...
  cg.vcxproj -> C:\Users\gabriel\source\repos\fluid-sanches\code\hybrid fluid sim\common\lib\cgD.lib
