c:\users\gabriel\source\repos\fluid-sanches\code\hybrid fluid sim\common\lib\cgd.pdb
c:\users\gabriel\source\repos\fluid-sanches\code\hybrid fluid sim\common\lib\cgd.idb
c:\users\gabriel\source\repos\fluid-sanches\code\hybrid fluid sim\common\build\vs2019\x64\debug\trianglemesh.obj
c:\users\gabriel\source\repos\fluid-sanches\code\hybrid fluid sim\common\build\vs2019\x64\debug\meshsweeper.obj
c:\users\gabriel\source\repos\fluid-sanches\code\hybrid fluid sim\common\build\vs2019\x64\debug\meshreader.obj
c:\users\gabriel\source\repos\fluid-sanches\code\hybrid fluid sim\common\build\vs2019\x64\debug\light.obj
c:\users\gabriel\source\repos\fluid-sanches\code\hybrid fluid sim\common\build\vs2019\x64\debug\image.obj
c:\users\gabriel\source\repos\fluid-sanches\code\hybrid fluid sim\common\build\vs2019\x64\debug\glwindow.obj
c:\users\gabriel\source\repos\fluid-sanches\code\hybrid fluid sim\common\build\vs2019\x64\debug\glrenderwindow2.obj
c:\users\gabriel\source\repos\fluid-sanches\code\hybrid fluid sim\common\build\vs2019\x64\debug\glmeshrenderer.obj
c:\users\gabriel\source\repos\fluid-sanches\code\hybrid fluid sim\common\build\vs2019\x64\debug\glmesh.obj
c:\users\gabriel\source\repos\fluid-sanches\code\hybrid fluid sim\common\build\vs2019\x64\debug\glimage.obj
c:\users\gabriel\source\repos\fluid-sanches\code\hybrid fluid sim\common\build\vs2019\x64\debug\glgraphicsbase.obj
c:\users\gabriel\source\repos\fluid-sanches\code\hybrid fluid sim\common\build\vs2019\x64\debug\glgraphics3.obj
c:\users\gabriel\source\repos\fluid-sanches\code\hybrid fluid sim\common\build\vs2019\x64\debug\glgraphics2.obj
c:\users\gabriel\source\repos\fluid-sanches\code\hybrid fluid sim\common\build\vs2019\x64\debug\color.obj
c:\users\gabriel\source\repos\fluid-sanches\code\hybrid fluid sim\common\build\vs2019\x64\debug\application.obj
c:\users\gabriel\source\repos\fluid-sanches\code\hybrid fluid sim\common\build\vs2019\x64\debug\gl3w.obj
c:\users\gabriel\source\repos\fluid-sanches\code\hybrid fluid sim\common\build\vs2019\x64\debug\indexlist.obj
c:\users\gabriel\source\repos\fluid-sanches\code\hybrid fluid sim\common\build\vs2019\x64\debug\glprogram.obj
c:\users\gabriel\source\repos\fluid-sanches\code\hybrid fluid sim\common\build\vs2019\x64\debug\camera.obj
c:\users\gabriel\source\repos\fluid-sanches\code\hybrid fluid sim\common\build\vs2019\x64\debug\blockallocator.obj
c:\users\gabriel\source\repos\fluid-sanches\code\hybrid fluid sim\common\build\vs2019\x64\debug\imgui_widgets.obj
c:\users\gabriel\source\repos\fluid-sanches\code\hybrid fluid sim\common\build\vs2019\x64\debug\imgui_impl_opengl3.obj
c:\users\gabriel\source\repos\fluid-sanches\code\hybrid fluid sim\common\build\vs2019\x64\debug\imgui_impl_glfw.obj
c:\users\gabriel\source\repos\fluid-sanches\code\hybrid fluid sim\common\build\vs2019\x64\debug\imgui_draw.obj
c:\users\gabriel\source\repos\fluid-sanches\code\hybrid fluid sim\common\build\vs2019\x64\debug\imgui.obj
c:\users\gabriel\source\repos\fluid-sanches\code\hybrid fluid sim\common\build\vs2019\x64\debug\nameableobject.obj
c:\users\gabriel\source\repos\fluid-sanches\code\hybrid fluid sim\common\lib\cgd.lib
c:\users\gabriel\source\repos\fluid-sanches\code\hybrid fluid sim\common\build\vs2019\x64\debug\cg.tlog\cl.command.1.tlog
c:\users\gabriel\source\repos\fluid-sanches\code\hybrid fluid sim\common\build\vs2019\x64\debug\cg.tlog\cl.read.1.tlog
c:\users\gabriel\source\repos\fluid-sanches\code\hybrid fluid sim\common\build\vs2019\x64\debug\cg.tlog\cl.write.1.tlog
c:\users\gabriel\source\repos\fluid-sanches\code\hybrid fluid sim\common\build\vs2019\x64\debug\cg.tlog\lib-link.read.1.tlog
c:\users\gabriel\source\repos\fluid-sanches\code\hybrid fluid sim\common\build\vs2019\x64\debug\cg.tlog\lib-link.write.1.tlog
c:\users\gabriel\source\repos\fluid-sanches\code\hybrid fluid sim\common\build\vs2019\x64\debug\cg.tlog\lib.command.1.tlog
